<?xml version="1.0" encoding="UTF-8"?>
<!-- Generated by org.testng.reporters.JUnitReportReporter -->
<testsuite hostname="DESKTOP-N0192LD" failures="0" tests="1" name="testNG_practice.Scrolling" time="10.430" errors="0" timestamp="2021-09-13T11:37:09 BDT" skipped="0">
  <testcase classname="testNG_practice.Scrolling" name="scrolling" time="10.430"/>
  <system-out/>
</testsuite> <!-- testNG_practice.Scrolling -->
