<?xml version="1.0" encoding="UTF-8"?>
<!-- Generated by org.testng.reporters.JUnitReportReporter -->
<testsuite hostname="DESKTOP-N0192LD" failures="0" tests="1" name="extentReport.Login" time="12.864" errors="0" timestamp="2021-09-13T13:29:38 BDT" skipped="0">
  <testcase classname="extentReport.Login" name="verify_login" time="12.864"/>
  <system-out/>
</testsuite> <!-- extentReport.Login -->
