<?xml version="1.0" encoding="UTF-8"?>
<!-- Generated by org.testng.reporters.JUnitReportReporter -->
<testsuite hostname="DESKTOP-N0192LD" failures="0" tests="1" name="testNG_practice.PageRefresh" time="15.946" errors="0" timestamp="2021-09-13T11:37:09 BDT" skipped="0">
  <testcase classname="testNG_practice.PageRefresh" name="pageRefresh" time="15.946"/>
  <system-out/>
</testsuite> <!-- testNG_practice.PageRefresh -->
