<?xml version="1.0" encoding="UTF-8"?>
<!-- Generated by org.testng.reporters.JUnitReportReporter -->
<testsuite hostname="DESKTOP-N0192LD" failures="0" tests="1" name="overall_test.VerifyLogin" time="11.416" errors="0" timestamp="2021-09-08T19:25:28 BDT" skipped="0">
  <testcase classname="overall_test.VerifyLogin" name="verifyLogin" time="11.416"/>
  <system-out/>
</testsuite> <!-- overall_test.VerifyLogin -->
