<?xml version="1.0" encoding="UTF-8"?>
<!-- Generated by org.testng.reporters.JUnitReportReporter -->
<testsuite hostname="DESKTOP-N0192LD" failures="0" tests="1" name="testNG_practice.ClickRadioButton" time="13.218" errors="0" timestamp="2021-09-14T13:15:02 BDT" skipped="0">
  <testcase classname="testNG_practice.ClickRadioButton" name="clickRadioButton" time="13.218"/>
  <system-out/>
</testsuite> <!-- testNG_practice.ClickRadioButton -->
