<?xml version="1.0" encoding="UTF-8"?>
<!-- Generated by org.testng.reporters.JUnitReportReporter -->
<testsuite hostname="DESKTOP-N0192LD" failures="0" tests="1" name="overall_test.VerifyLogin" time="10.201" errors="0" timestamp="2021-09-13T11:37:09 BDT" skipped="0">
  <testcase classname="overall_test.VerifyLogin" name="verifyLogin" time="10.201"/>
  <system-out/>
</testsuite> <!-- overall_test.VerifyLogin -->
