<?xml version="1.0" encoding="UTF-8"?>
<!-- Generated by org.testng.reporters.JUnitReportReporter -->
<testsuite hostname="DESKTOP-N0192LD" failures="0" tests="1" name="extentReport.Login" time="12.461" errors="0" timestamp="2021-09-14T13:15:02 BDT" skipped="0">
  <testcase classname="extentReport.Login" name="verify_login" time="12.461"/>
  <system-out/>
</testsuite> <!-- extentReport.Login -->
