<?xml version="1.0" encoding="UTF-8"?>
<!-- Generated by org.testng.reporters.JUnitReportReporter -->
<testsuite hostname="DESKTOP-N0192LD" failures="0" tests="1" name="overall_test.SecurityTesting" time="29.725" errors="0" timestamp="2021-09-14T13:15:02 BDT" skipped="0">
  <testcase classname="overall_test.SecurityTesting" name="isWebSiteSecure" time="29.725"/>
  <system-out/>
</testsuite> <!-- overall_test.SecurityTesting -->
